<?xml version="1.0" encoding="UTF-8"?>
<testsuite xmlns:xsi="http://www.w3.org/2001/XMLSchema-instance" xsi:noNamespaceSchemaLocation="https://maven.apache.org/surefire/maven-surefire-plugin/xsd/surefire-test-report.xsd" name="com.safetynet.emergencysystem.service.PersonServiceTest" time="3.053" tests="5" errors="0" skipped="0" failures="0">
  <properties>
    <property name="sun.desktop" value="windows"/>
    <property name="awt.toolkit" value="sun.awt.windows.WToolkit"/>
    <property name="java.specification.version" value="11"/>
    <property name="sun.cpu.isalist" value="amd64"/>
    <property name="sun.jnu.encoding" value="Cp1252"/>
    <property name="java.class.path" value="D:\GitHub\openclassrooms-p5-emergency-system\target\test-classes;D:\GitHub\openclassrooms-p5-emergency-system\target\classes;C:\Users\David\.m2\repository\org\springframework\boot\spring-boot-starter-log4j2\2.5.2\spring-boot-starter-log4j2-2.5.2.jar;C:\Users\David\.m2\repository\org\apache\logging\log4j\log4j-slf4j-impl\2.14.1\log4j-slf4j-impl-2.14.1.jar;C:\Users\David\.m2\repository\org\slf4j\slf4j-api\1.7.31\slf4j-api-1.7.31.jar;C:\Users\David\.m2\repository\org\apache\logging\log4j\log4j-api\2.14.1\log4j-api-2.14.1.jar;C:\Users\David\.m2\repository\org\apache\logging\log4j\log4j-core\2.14.1\log4j-core-2.14.1.jar;C:\Users\David\.m2\repository\org\apache\logging\log4j\log4j-jul\2.14.1\log4j-jul-2.14.1.jar;C:\Users\David\.m2\repository\org\slf4j\jul-to-slf4j\1.7.31\jul-to-slf4j-1.7.31.jar;C:\Users\David\.m2\repository\org\apache\maven\plugins\maven-site-plugin\3.9.1\maven-site-plugin-3.9.1.jar;C:\Users\David\.m2\repository\org\apache\maven\reporting\maven-reporting-api\3.0\maven-reporting-api-3.0.jar;C:\Users\David\.m2\repository\org\apache\maven\reporting\maven-reporting-exec\1.5.1\maven-reporting-exec-1.5.1.jar;C:\Users\David\.m2\repository\org\sonatype\aether\aether-util\1.7\aether-util-1.7.jar;C:\Users\David\.m2\repository\org\eclipse\aether\aether-util\0.9.0.M2\aether-util-0.9.0.M2.jar;C:\Users\David\.m2\repository\org\apache\maven\shared\maven-shared-utils\3.1.0\maven-shared-utils-3.1.0.jar;C:\Users\David\.m2\repository\org\apache\maven\maven-artifact\3.0.5\maven-artifact-3.0.5.jar;C:\Users\David\.m2\repository\org\apache\maven\maven-core\3.0.5\maven-core-3.0.5.jar;C:\Users\David\.m2\repository\org\apache\maven\maven-model-builder\3.0.5\maven-model-builder-3.0.5.jar;C:\Users\David\.m2\repository\org\apache\maven\maven-aether-provider\3.0.5\maven-aether-provider-3.0.5.jar;C:\Users\David\.m2\repository\org\sonatype\aether\aether-spi\1.13.1\aether-spi-1.13.1.jar;C:\Users\David\.m2\repository\org\sonatype\aether\aether-impl\1.13.1\aether-impl-1.13.1.jar;C:\Users\David\.m2\repository\org\sonatype\aether\aether-api\1.13.1\aether-api-1.13.1.jar;C:\Users\David\.m2\repository\org\codehaus\plexus\plexus-classworlds\2.4\plexus-classworlds-2.4.jar;C:\Users\David\.m2\repository\org\codehaus\plexus\plexus-component-annotations\1.5.5\plexus-component-annotations-1.5.5.jar;C:\Users\David\.m2\repository\org\sonatype\plexus\plexus-sec-dispatcher\1.3\plexus-sec-dispatcher-1.3.jar;C:\Users\David\.m2\repository\org\sonatype\plexus\plexus-cipher\1.4\plexus-cipher-1.4.jar;C:\Users\David\.m2\repository\org\apache\maven\maven-model\3.0.5\maven-model-3.0.5.jar;C:\Users\David\.m2\repository\org\apache\maven\maven-plugin-api\3.0.5\maven-plugin-api-3.0.5.jar;C:\Users\David\.m2\repository\org\apache\maven\maven-settings\3.0.5\maven-settings-3.0.5.jar;C:\Users\David\.m2\repository\org\apache\maven\maven-settings-builder\3.0.5\maven-settings-builder-3.0.5.jar;C:\Users\David\.m2\repository\org\apache\maven\maven-archiver\3.5.0\maven-archiver-3.5.0.jar;C:\Users\David\.m2\repository\org\sonatype\sisu\sisu-inject-plexus\1.4.2\sisu-inject-plexus-1.4.2.jar;C:\Users\David\.m2\repository\org\sonatype\sisu\sisu-inject-bean\1.4.2\sisu-inject-bean-1.4.2.jar;C:\Users\David\.m2\repository\org\sonatype\sisu\sisu-guice\2.1.7\sisu-guice-2.1.7-noaop.jar;C:\Users\David\.m2\repository\org\codehaus\plexus\plexus-archiver\4.2.1\plexus-archiver-4.2.1.jar;C:\Users\David\.m2\repository\org\codehaus\plexus\plexus-io\3.2.0\plexus-io-3.2.0.jar;C:\Users\David\.m2\repository\org\apache\commons\commons-compress\1.19\commons-compress-1.19.jar;C:\Users\David\.m2\repository\org\iq80\snappy\snappy\0.4\snappy-0.4.jar;C:\Users\David\.m2\repository\org\tukaani\xz\1.8\xz-1.8.jar;C:\Users\David\.m2\repository\org\codehaus\plexus\plexus-i18n\1.0-beta-10\plexus-i18n-1.0-beta-10.jar;C:\Users\David\.m2\repository\org\codehaus\plexus\plexus-utils\3.3.0\plexus-utils-3.3.0.jar;C:\Users\David\.m2\repository\org\apache\maven\doxia\doxia-sink-api\1.9.1\doxia-sink-api-1.9.1.jar;C:\Users\David\.m2\repository\org\apache\maven\doxia\doxia-logging-api\1.9.1\doxia-logging-api-1.9.1.jar;C:\Users\David\.m2\repository\org\apache\maven\doxia\doxia-core\1.9.1\doxia-core-1.9.1.jar;C:\Users\David\.m2\repository\org\codehaus\plexus\plexus-container-default\1.7.1\plexus-container-default-1.7.1.jar;C:\Users\David\.m2\repository\org\apache\xbean\xbean-reflect\3.7\xbean-reflect-3.7.jar;C:\Users\David\.m2\repository\com\google\collections\google-collections\1.0\google-collections-1.0.jar;C:\Users\David\.m2\repository\org\apache\httpcomponents\httpclient\4.5.13\httpclient-4.5.13.jar;C:\Users\David\.m2\repository\org\apache\httpcomponents\httpcore\4.4.14\httpcore-4.4.14.jar;C:\Users\David\.m2\repository\org\apache\maven\doxia\doxia-module-xhtml\1.9.1\doxia-module-xhtml-1.9.1.jar;C:\Users\David\.m2\repository\org\apache\maven\doxia\doxia-module-xhtml5\1.9.1\doxia-module-xhtml5-1.9.1.jar;C:\Users\David\.m2\repository\org\apache\maven\doxia\doxia-module-apt\1.9.1\doxia-module-apt-1.9.1.jar;C:\Users\David\.m2\repository\org\apache\maven\doxia\doxia-module-xdoc\1.9.1\doxia-module-xdoc-1.9.1.jar;C:\Users\David\.m2\repository\org\apache\maven\doxia\doxia-module-fml\1.9.1\doxia-module-fml-1.9.1.jar;C:\Users\David\.m2\repository\org\apache\maven\doxia\doxia-module-markdown\1.9.1\doxia-module-markdown-1.9.1.jar;C:\Users\David\.m2\repository\com\vladsch\flexmark\flexmark-all\0.42.14\flexmark-all-0.42.14.jar;C:\Users\David\.m2\repository\com\vladsch\flexmark\flexmark\0.42.14\flexmark-0.42.14.jar;C:\Users\David\.m2\repository\com\vladsch\flexmark\flexmark-ext-abbreviation\0.42.14\flexmark-ext-abbreviation-0.42.14.jar;C:\Users\David\.m2\repository\com\vladsch\flexmark\flexmark-ext-admonition\0.42.14\flexmark-ext-admonition-0.42.14.jar;C:\Users\David\.m2\repository\com\vladsch\flexmark\flexmark-ext-anchorlink\0.42.14\flexmark-ext-anchorlink-0.42.14.jar;C:\Users\David\.m2\repository\com\vladsch\flexmark\flexmark-ext-aside\0.42.14\flexmark-ext-aside-0.42.14.jar;C:\Users\David\.m2\repository\com\vladsch\flexmark\flexmark-ext-attributes\0.42.14\flexmark-ext-attributes-0.42.14.jar;C:\Users\David\.m2\repository\com\vladsch\flexmark\flexmark-ext-autolink\0.42.14\flexmark-ext-autolink-0.42.14.jar;C:\Users\David\.m2\repository\org\nibor\autolink\autolink\0.6.0\autolink-0.6.0.jar;C:\Users\David\.m2\repository\com\vladsch\flexmark\flexmark-ext-definition\0.42.14\flexmark-ext-definition-0.42.14.jar;C:\Users\David\.m2\repository\com\vladsch\flexmark\flexmark-ext-emoji\0.42.14\flexmark-ext-emoji-0.42.14.jar;C:\Users\David\.m2\repository\com\vladsch\flexmark\flexmark-ext-enumerated-reference\0.42.14\flexmark-ext-enumerated-reference-0.42.14.jar;C:\Users\David\.m2\repository\com\vladsch\flexmark\flexmark-ext-escaped-character\0.42.14\flexmark-ext-escaped-character-0.42.14.jar;C:\Users\David\.m2\repository\com\vladsch\flexmark\flexmark-ext-footnotes\0.42.14\flexmark-ext-footnotes-0.42.14.jar;C:\Users\David\.m2\repository\com\vladsch\flexmark\flexmark-ext-gfm-issues\0.42.14\flexmark-ext-gfm-issues-0.42.14.jar;C:\Users\David\.m2\repository\com\vladsch\flexmark\flexmark-ext-gfm-strikethrough\0.42.14\flexmark-ext-gfm-strikethrough-0.42.14.jar;C:\Users\David\.m2\repository\com\vladsch\flexmark\flexmark-ext-gfm-tables\0.42.14\flexmark-ext-gfm-tables-0.42.14.jar;C:\Users\David\.m2\repository\com\vladsch\flexmark\flexmark-ext-gfm-tasklist\0.42.14\flexmark-ext-gfm-tasklist-0.42.14.jar;C:\Users\David\.m2\repository\com\vladsch\flexmark\flexmark-ext-gfm-users\0.42.14\flexmark-ext-gfm-users-0.42.14.jar;C:\Users\David\.m2\repository\com\vladsch\flexmark\flexmark-ext-gitlab\0.42.14\flexmark-ext-gitlab-0.42.14.jar;C:\Users\David\.m2\repository\com\vladsch\flexmark\flexmark-ext-jekyll-front-matter\0.42.14\flexmark-ext-jekyll-front-matter-0.42.14.jar;C:\Users\David\.m2\repository\com\vladsch\flexmark\flexmark-ext-jekyll-tag\0.42.14\flexmark-ext-jekyll-tag-0.42.14.jar;C:\Users\David\.m2\repository\com\vladsch\flexmark\flexmark-ext-media-tags\0.42.14\flexmark-ext-media-tags-0.42.14.jar;C:\Users\David\.m2\repository\com\vladsch\flexmark\flexmark-ext-macros\0.42.14\flexmark-ext-macros-0.42.14.jar;C:\Users\David\.m2\repository\com\vladsch\flexmark\flexmark-ext-ins\0.42.14\flexmark-ext-ins-0.42.14.jar;C:\Users\David\.m2\repository\com\vladsch\flexmark\flexmark-ext-xwiki-macros\0.42.14\flexmark-ext-xwiki-macros-0.42.14.jar;C:\Users\David\.m2\repository\com\vladsch\flexmark\flexmark-ext-superscript\0.42.14\flexmark-ext-superscript-0.42.14.jar;C:\Users\David\.m2\repository\com\vladsch\flexmark\flexmark-ext-tables\0.42.14\flexmark-ext-tables-0.42.14.jar;C:\Users\David\.m2\repository\com\vladsch\flexmark\flexmark-ext-toc\0.42.14\flexmark-ext-toc-0.42.14.jar;C:\Users\David\.m2\repository\com\vladsch\flexmark\flexmark-ext-typographic\0.42.14\flexmark-ext-typographic-0.42.14.jar;C:\Users\David\.m2\repository\com\vladsch\flexmark\flexmark-ext-wikilink\0.42.14\flexmark-ext-wikilink-0.42.14.jar;C:\Users\David\.m2\repository\com\vladsch\flexmark\flexmark-ext-yaml-front-matter\0.42.14\flexmark-ext-yaml-front-matter-0.42.14.jar;C:\Users\David\.m2\repository\com\vladsch\flexmark\flexmark-ext-youtube-embedded\0.42.14\flexmark-ext-youtube-embedded-0.42.14.jar;C:\Users\David\.m2\repository\com\vladsch\flexmark\flexmark-formatter\0.42.14\flexmark-formatter-0.42.14.jar;C:\Users\David\.m2\repository\com\vladsch\flexmark\flexmark-html-parser\0.42.14\flexmark-html-parser-0.42.14.jar;C:\Users\David\.m2\repository\org\jsoup\jsoup\1.10.2\jsoup-1.10.2.jar;C:\Users\David\.m2\repository\com\vladsch\flexmark\flexmark-jira-converter\0.42.14\flexmark-jira-converter-0.42.14.jar;C:\Users\David\.m2\repository\com\vladsch\flexmark\flexmark-profile-pegdown\0.42.14\flexmark-profile-pegdown-0.42.14.jar;C:\Users\David\.m2\repository\com\vladsch\flexmark\flexmark-util\0.42.14\flexmark-util-0.42.14.jar;C:\Users\David\.m2\repository\com\vladsch\flexmark\flexmark-youtrack-converter\0.42.14\flexmark-youtrack-converter-0.42.14.jar;C:\Users\David\.m2\repository\org\apache\maven\doxia\doxia-module-confluence\1.9.1\doxia-module-confluence-1.9.1.jar;C:\Users\David\.m2\repository\org\apache\maven\doxia\doxia-module-docbook-simple\1.9.1\doxia-module-docbook-simple-1.9.1.jar;C:\Users\David\.m2\repository\org\apache\maven\doxia\doxia-module-twiki\1.9.1\doxia-module-twiki-1.9.1.jar;C:\Users\David\.m2\repository\org\apache\maven\doxia\doxia-decoration-model\1.9.2\doxia-decoration-model-1.9.2.jar;C:\Users\David\.m2\repository\org\apache\maven\doxia\doxia-site-renderer\1.9.2\doxia-site-renderer-1.9.2.jar;C:\Users\David\.m2\repository\org\apache\maven\doxia\doxia-skin-model\1.9.2\doxia-skin-model-1.9.2.jar;C:\Users\David\.m2\repository\org\codehaus\plexus\plexus-velocity\1.2\plexus-velocity-1.2.jar;C:\Users\David\.m2\repository\org\apache\velocity\velocity\1.7\velocity-1.7.jar;C:\Users\David\.m2\repository\org\apache\velocity\velocity-tools\2.0\velocity-tools-2.0.jar;C:\Users\David\.m2\repository\commons-chain\commons-chain\1.1\commons-chain-1.1.jar;C:\Users\David\.m2\repository\dom4j\dom4j\1.1\dom4j-1.1.jar;C:\Users\David\.m2\repository\oro\oro\2.0.8\oro-2.0.8.jar;C:\Users\David\.m2\repository\commons-collections\commons-collections\3.2.2\commons-collections-3.2.2.jar;C:\Users\David\.m2\repository\org\apache\maven\doxia\doxia-integration-tools\1.9.2\doxia-integration-tools-1.9.2.jar;C:\Users\David\.m2\repository\org\apache\maven\wagon\wagon-provider-api\3.3.1\wagon-provider-api-3.3.1.jar;C:\Users\David\.m2\repository\org\eclipse\jetty\jetty-server\9.4.42.v20210604\jetty-server-9.4.42.v20210604.jar;C:\Users\David\.m2\repository\javax\servlet\javax.servlet-api\4.0.1\javax.servlet-api-4.0.1.jar;C:\Users\David\.m2\repository\org\eclipse\jetty\jetty-http\9.4.42.v20210604\jetty-http-9.4.42.v20210604.jar;C:\Users\David\.m2\repository\org\eclipse\jetty\jetty-io\9.4.42.v20210604\jetty-io-9.4.42.v20210604.jar;C:\Users\David\.m2\repository\org\eclipse\jetty\jetty-servlet\9.4.42.v20210604\jetty-servlet-9.4.42.v20210604.jar;C:\Users\David\.m2\repository\org\eclipse\jetty\jetty-security\9.4.42.v20210604\jetty-security-9.4.42.v20210604.jar;C:\Users\David\.m2\repository\org\eclipse\jetty\jetty-util-ajax\9.4.42.v20210604\jetty-util-ajax-9.4.42.v20210604.jar;C:\Users\David\.m2\repository\org\eclipse\jetty\jetty-webapp\9.4.42.v20210604\jetty-webapp-9.4.42.v20210604.jar;C:\Users\David\.m2\repository\org\eclipse\jetty\jetty-xml\9.4.42.v20210604\jetty-xml-9.4.42.v20210604.jar;C:\Users\David\.m2\repository\org\eclipse\jetty\jetty-util\9.4.42.v20210604\jetty-util-9.4.42.v20210604.jar;C:\Users\David\.m2\repository\org\apache\commons\commons-lang3\3.12.0\commons-lang3-3.12.0.jar;C:\Users\David\.m2\repository\commons-io\commons-io\2.6\commons-io-2.6.jar;C:\Users\David\.m2\repository\org\apache\maven\plugins\maven-project-info-reports-plugin\3.1.2\maven-project-info-reports-plugin-3.1.2.jar;C:\Users\David\.m2\repository\org\apache\maven\reporting\maven-reporting-impl\3.0.0\maven-reporting-impl-3.0.0.jar;C:\Users\David\.m2\repository\org\apache\maven\maven-repository-metadata\3.0\maven-repository-metadata-3.0.jar;C:\Users\David\.m2\repository\org\apache\maven\shared\maven-dependency-tree\2.2\maven-dependency-tree-2.2.jar;C:\Users\David\.m2\repository\org\apache\maven\shared\maven-shared-jar\1.2\maven-shared-jar-1.2.jar;C:\Users\David\.m2\repository\org\codehaus\plexus\plexus-digest\1.0\plexus-digest-1.0.jar;C:\Users\David\.m2\repository\org\apache\bcel\bcel\6.2\bcel-6.2.jar;C:\Users\David\.m2\repository\org\apache\maven\shared\maven-common-artifact-filters\3.1.0\maven-common-artifact-filters-3.1.0.jar;C:\Users\David\.m2\repository\org\apache\maven\shared\maven-artifact-transfer\0.12.0\maven-artifact-transfer-0.12.0.jar;C:\Users\David\.m2\repository\commons-codec\commons-codec\1.15\commons-codec-1.15.jar;C:\Users\David\.m2\repository\org\apache\maven\scm\maven-scm-api\1.10.0\maven-scm-api-1.10.0.jar;C:\Users\David\.m2\repository\org\apache\maven\scm\maven-scm-manager-plexus\1.10.0\maven-scm-manager-plexus-1.10.0.jar;C:\Users\David\.m2\repository\org\apache\maven\scm\maven-scm-provider-hg\1.10.0\maven-scm-provider-hg-1.10.0.jar;C:\Users\David\.m2\repository\org\apache\maven\scm\maven-scm-provider-perforce\1.10.0\maven-scm-provider-perforce-1.10.0.jar;C:\Users\David\.m2\repository\org\apache\maven\scm\maven-scm-provider-starteam\1.10.0\maven-scm-provider-starteam-1.10.0.jar;C:\Users\David\.m2\repository\org\apache\maven\scm\maven-scm-provider-svn-commons\1.10.0\maven-scm-provider-svn-commons-1.10.0.jar;C:\Users\David\.m2\repository\org\apache\maven\scm\maven-scm-provider-svnexe\1.10.0\maven-scm-provider-svnexe-1.10.0.jar;C:\Users\David\.m2\repository\commons-lang\commons-lang\2.6\commons-lang-2.6.jar;C:\Users\David\.m2\repository\org\apache\maven\scm\maven-scm-provider-cvs-commons\1.10.0\maven-scm-provider-cvs-commons-1.10.0.jar;C:\Users\David\.m2\repository\org\apache\maven\scm\maven-scm-provider-cvsexe\1.10.0\maven-scm-provider-cvsexe-1.10.0.jar;C:\Users\David\.m2\repository\org\apache\maven\scm\maven-scm-provider-cvsjava\1.10.0\maven-scm-provider-cvsjava-1.10.0.jar;C:\Users\David\.m2\repository\org\netbeans\lib\cvsclient\20060125\cvsclient-20060125.jar;C:\Users\David\.m2\repository\ch\ethz\ganymed\ganymed-ssh2\build210\ganymed-ssh2-build210.jar;C:\Users\David\.m2\repository\org\apache\maven\scm\maven-scm-provider-git-commons\1.10.0\maven-scm-provider-git-commons-1.10.0.jar;C:\Users\David\.m2\repository\org\apache\maven\scm\maven-scm-provider-gitexe\1.10.0\maven-scm-provider-gitexe-1.10.0.jar;C:\Users\David\.m2\repository\org\codehaus\plexus\plexus-interpolation\1.26\plexus-interpolation-1.26.jar;C:\Users\David\.m2\repository\commons-validator\commons-validator\1.7\commons-validator-1.7.jar;C:\Users\David\.m2\repository\commons-beanutils\commons-beanutils\1.9.4\commons-beanutils-1.9.4.jar;C:\Users\David\.m2\repository\commons-digester\commons-digester\2.1\commons-digester-2.1.jar;C:\Users\David\.m2\repository\commons-logging\commons-logging\1.2\commons-logging-1.2.jar;C:\Users\David\.m2\repository\org\elasticsearch\client\transport\7.13.3\transport-7.13.3.jar;C:\Users\David\.m2\repository\org\elasticsearch\elasticsearch\7.12.1\elasticsearch-7.12.1.jar;C:\Users\David\.m2\repository\org\elasticsearch\elasticsearch-core\7.12.1\elasticsearch-core-7.12.1.jar;C:\Users\David\.m2\repository\org\elasticsearch\elasticsearch-secure-sm\7.12.1\elasticsearch-secure-sm-7.12.1.jar;C:\Users\David\.m2\repository\org\elasticsearch\elasticsearch-x-content\7.12.1\elasticsearch-x-content-7.12.1.jar;C:\Users\David\.m2\repository\com\fasterxml\jackson\core\jackson-core\2.12.3\jackson-core-2.12.3.jar;C:\Users\David\.m2\repository\com\fasterxml\jackson\dataformat\jackson-dataformat-smile\2.12.3\jackson-dataformat-smile-2.12.3.jar;C:\Users\David\.m2\repository\com\fasterxml\jackson\dataformat\jackson-dataformat-yaml\2.12.3\jackson-dataformat-yaml-2.12.3.jar;C:\Users\David\.m2\repository\com\fasterxml\jackson\dataformat\jackson-dataformat-cbor\2.12.3\jackson-dataformat-cbor-2.12.3.jar;C:\Users\David\.m2\repository\org\elasticsearch\elasticsearch-geo\7.12.1\elasticsearch-geo-7.12.1.jar;C:\Users\David\.m2\repository\org\apache\lucene\lucene-core\8.8.0\lucene-core-8.8.0.jar;C:\Users\David\.m2\repository\org\apache\lucene\lucene-analyzers-common\8.8.0\lucene-analyzers-common-8.8.0.jar;C:\Users\David\.m2\repository\org\apache\lucene\lucene-backward-codecs\8.8.0\lucene-backward-codecs-8.8.0.jar;C:\Users\David\.m2\repository\org\apache\lucene\lucene-grouping\8.8.0\lucene-grouping-8.8.0.jar;C:\Users\David\.m2\repository\org\apache\lucene\lucene-highlighter\8.8.0\lucene-highlighter-8.8.0.jar;C:\Users\David\.m2\repository\org\apache\lucene\lucene-join\8.8.0\lucene-join-8.8.0.jar;C:\Users\David\.m2\repository\org\apache\lucene\lucene-memory\8.8.0\lucene-memory-8.8.0.jar;C:\Users\David\.m2\repository\org\apache\lucene\lucene-misc\8.8.0\lucene-misc-8.8.0.jar;C:\Users\David\.m2\repository\org\apache\lucene\lucene-queries\8.8.0\lucene-queries-8.8.0.jar;C:\Users\David\.m2\repository\org\apache\lucene\lucene-queryparser\8.8.0\lucene-queryparser-8.8.0.jar;C:\Users\David\.m2\repository\org\apache\lucene\lucene-sandbox\8.8.0\lucene-sandbox-8.8.0.jar;C:\Users\David\.m2\repository\org\apache\lucene\lucene-spatial-extras\8.8.0\lucene-spatial-extras-8.8.0.jar;C:\Users\David\.m2\repository\org\apache\lucene\lucene-spatial3d\8.8.0\lucene-spatial3d-8.8.0.jar;C:\Users\David\.m2\repository\org\apache\lucene\lucene-suggest\8.8.0\lucene-suggest-8.8.0.jar;C:\Users\David\.m2\repository\org\elasticsearch\elasticsearch-cli\7.12.1\elasticsearch-cli-7.12.1.jar;C:\Users\David\.m2\repository\net\sf\jopt-simple\jopt-simple\5.0.2\jopt-simple-5.0.2.jar;C:\Users\David\.m2\repository\com\carrotsearch\hppc\0.8.1\hppc-0.8.1.jar;C:\Users\David\.m2\repository\joda-time\joda-time\2.10.4\joda-time-2.10.4.jar;C:\Users\David\.m2\repository\com\tdunning\t-digest\3.2\t-digest-3.2.jar;C:\Users\David\.m2\repository\org\hdrhistogram\HdrHistogram\2.1.9\HdrHistogram-2.1.9.jar;C:\Users\David\.m2\repository\org\elasticsearch\jna\5.7.0-1\jna-5.7.0-1.jar;C:\Users\David\.m2\repository\org\elasticsearch\elasticsearch-plugin-classloader\7.12.1\elasticsearch-plugin-classloader-7.12.1.jar;C:\Users\David\.m2\repository\org\elasticsearch\plugin\transport-netty4-client\7.12.1\transport-netty4-client-7.12.1.jar;C:\Users\David\.m2\repository\io\netty\netty-buffer\4.1.65.Final\netty-buffer-4.1.65.Final.jar;C:\Users\David\.m2\repository\io\netty\netty-codec\4.1.65.Final\netty-codec-4.1.65.Final.jar;C:\Users\David\.m2\repository\io\netty\netty-codec-http\4.1.65.Final\netty-codec-http-4.1.65.Final.jar;C:\Users\David\.m2\repository\io\netty\netty-common\4.1.65.Final\netty-common-4.1.65.Final.jar;C:\Users\David\.m2\repository\io\netty\netty-handler\4.1.65.Final\netty-handler-4.1.65.Final.jar;C:\Users\David\.m2\repository\io\netty\netty-resolver\4.1.65.Final\netty-resolver-4.1.65.Final.jar;C:\Users\David\.m2\repository\io\netty\netty-transport\4.1.65.Final\netty-transport-4.1.65.Final.jar;C:\Users\David\.m2\repository\org\elasticsearch\plugin\reindex-client\7.13.3\reindex-client-7.13.3.jar;C:\Users\David\.m2\repository\org\elasticsearch\client\elasticsearch-rest-client\7.12.1\elasticsearch-rest-client-7.12.1.jar;C:\Users\David\.m2\repository\org\apache\httpcomponents\httpasyncclient\4.1.4\httpasyncclient-4.1.4.jar;C:\Users\David\.m2\repository\org\apache\httpcomponents\httpcore-nio\4.4.14\httpcore-nio-4.4.14.jar;C:\Users\David\.m2\repository\org\elasticsearch\elasticsearch-ssl-config\7.13.3\elasticsearch-ssl-config-7.13.3.jar;C:\Users\David\.m2\repository\org\elasticsearch\plugin\lang-mustache-client\7.13.3\lang-mustache-client-7.13.3.jar;C:\Users\David\.m2\repository\com\github\spullara\mustache\java\compiler\0.9.6\compiler-0.9.6.jar;C:\Users\David\.m2\repository\org\elasticsearch\plugin\percolator-client\7.13.3\percolator-client-7.13.3.jar;C:\Users\David\.m2\repository\org\elasticsearch\plugin\parent-join-client\7.13.3\parent-join-client-7.13.3.jar;C:\Users\David\.m2\repository\org\elasticsearch\plugin\rank-eval-client\7.13.3\rank-eval-client-7.13.3.jar;C:\Users\David\.m2\repository\org\springframework\boot\spring-boot-starter-data-jpa\2.5.2\spring-boot-starter-data-jpa-2.5.2.jar;C:\Users\David\.m2\repository\org\springframework\boot\spring-boot-starter-aop\2.5.2\spring-boot-starter-aop-2.5.2.jar;C:\Users\David\.m2\repository\org\springframework\spring-aop\5.3.8\spring-aop-5.3.8.jar;C:\Users\David\.m2\repository\org\aspectj\aspectjweaver\1.9.6\aspectjweaver-1.9.6.jar;C:\Users\David\.m2\repository\org\springframework\boot\spring-boot-starter-jdbc\2.5.2\spring-boot-starter-jdbc-2.5.2.jar;C:\Users\David\.m2\repository\com\zaxxer\HikariCP\4.0.3\HikariCP-4.0.3.jar;C:\Users\David\.m2\repository\org\springframework\spring-jdbc\5.3.8\spring-jdbc-5.3.8.jar;C:\Users\David\.m2\repository\jakarta\transaction\jakarta.transaction-api\1.3.3\jakarta.transaction-api-1.3.3.jar;C:\Users\David\.m2\repository\jakarta\persistence\jakarta.persistence-api\2.2.3\jakarta.persistence-api-2.2.3.jar;C:\Users\David\.m2\repository\org\hibernate\hibernate-core\5.4.32.Final\hibernate-core-5.4.32.Final.jar;C:\Users\David\.m2\repository\org\jboss\logging\jboss-logging\3.4.2.Final\jboss-logging-3.4.2.Final.jar;C:\Users\David\.m2\repository\org\javassist\javassist\3.27.0-GA\javassist-3.27.0-GA.jar;C:\Users\David\.m2\repository\net\bytebuddy\byte-buddy\1.10.22\byte-buddy-1.10.22.jar;C:\Users\David\.m2\repository\antlr\antlr\2.7.7\antlr-2.7.7.jar;C:\Users\David\.m2\repository\org\jboss\jandex\2.2.3.Final\jandex-2.2.3.Final.jar;C:\Users\David\.m2\repository\com\fasterxml\classmate\1.5.1\classmate-1.5.1.jar;C:\Users\David\.m2\repository\org\dom4j\dom4j\2.1.3\dom4j-2.1.3.jar;C:\Users\David\.m2\repository\org\hibernate\common\hibernate-commons-annotations\5.1.2.Final\hibernate-commons-annotations-5.1.2.Final.jar;C:\Users\David\.m2\repository\org\glassfish\jaxb\jaxb-runtime\2.3.4\jaxb-runtime-2.3.4.jar;C:\Users\David\.m2\repository\org\glassfish\jaxb\txw2\2.3.4\txw2-2.3.4.jar;C:\Users\David\.m2\repository\com\sun\istack\istack-commons-runtime\3.0.12\istack-commons-runtime-3.0.12.jar;C:\Users\David\.m2\repository\com\sun\activation\jakarta.activation\1.2.2\jakarta.activation-1.2.2.jar;C:\Users\David\.m2\repository\org\springframework\data\spring-data-jpa\2.5.2\spring-data-jpa-2.5.2.jar;C:\Users\David\.m2\repository\org\springframework\data\spring-data-commons\2.5.2\spring-data-commons-2.5.2.jar;C:\Users\David\.m2\repository\org\springframework\spring-orm\5.3.8\spring-orm-5.3.8.jar;C:\Users\David\.m2\repository\org\springframework\spring-context\5.3.8\spring-context-5.3.8.jar;C:\Users\David\.m2\repository\org\springframework\spring-tx\5.3.8\spring-tx-5.3.8.jar;C:\Users\David\.m2\repository\org\springframework\spring-beans\5.3.8\spring-beans-5.3.8.jar;C:\Users\David\.m2\repository\org\springframework\spring-aspects\5.3.8\spring-aspects-5.3.8.jar;C:\Users\David\.m2\repository\org\springframework\boot\spring-boot-starter-web\2.5.2\spring-boot-starter-web-2.5.2.jar;C:\Users\David\.m2\repository\org\springframework\boot\spring-boot-starter\2.5.2\spring-boot-starter-2.5.2.jar;C:\Users\David\.m2\repository\org\springframework\boot\spring-boot\2.5.2\spring-boot-2.5.2.jar;C:\Users\David\.m2\repository\org\springframework\boot\spring-boot-autoconfigure\2.5.2\spring-boot-autoconfigure-2.5.2.jar;C:\Users\David\.m2\repository\jakarta\annotation\jakarta.annotation-api\1.3.5\jakarta.annotation-api-1.3.5.jar;C:\Users\David\.m2\repository\org\yaml\snakeyaml\1.28\snakeyaml-1.28.jar;C:\Users\David\.m2\repository\org\springframework\boot\spring-boot-starter-json\2.5.2\spring-boot-starter-json-2.5.2.jar;C:\Users\David\.m2\repository\com\fasterxml\jackson\core\jackson-databind\2.12.3\jackson-databind-2.12.3.jar;C:\Users\David\.m2\repository\com\fasterxml\jackson\core\jackson-annotations\2.12.3\jackson-annotations-2.12.3.jar;C:\Users\David\.m2\repository\com\fasterxml\jackson\datatype\jackson-datatype-jdk8\2.12.3\jackson-datatype-jdk8-2.12.3.jar;C:\Users\David\.m2\repository\com\fasterxml\jackson\datatype\jackson-datatype-jsr310\2.12.3\jackson-datatype-jsr310-2.12.3.jar;C:\Users\David\.m2\repository\com\fasterxml\jackson\module\jackson-module-parameter-names\2.12.3\jackson-module-parameter-names-2.12.3.jar;C:\Users\David\.m2\repository\org\springframework\boot\spring-boot-starter-tomcat\2.5.2\spring-boot-starter-tomcat-2.5.2.jar;C:\Users\David\.m2\repository\org\apache\tomcat\embed\tomcat-embed-core\9.0.48\tomcat-embed-core-9.0.48.jar;C:\Users\David\.m2\repository\org\apache\tomcat\embed\tomcat-embed-el\9.0.48\tomcat-embed-el-9.0.48.jar;C:\Users\David\.m2\repository\org\apache\tomcat\embed\tomcat-embed-websocket\9.0.48\tomcat-embed-websocket-9.0.48.jar;C:\Users\David\.m2\repository\org\springframework\spring-web\5.3.8\spring-web-5.3.8.jar;C:\Users\David\.m2\repository\org\springframework\spring-webmvc\5.3.8\spring-webmvc-5.3.8.jar;C:\Users\David\.m2\repository\org\springframework\spring-expression\5.3.8\spring-expression-5.3.8.jar;C:\Users\David\.m2\repository\com\h2database\h2\1.4.200\h2-1.4.200.jar;C:\Users\David\.m2\repository\org\springframework\boot\spring-boot-starter-test\2.5.2\spring-boot-starter-test-2.5.2.jar;C:\Users\David\.m2\repository\org\springframework\boot\spring-boot-test\2.5.2\spring-boot-test-2.5.2.jar;C:\Users\David\.m2\repository\org\springframework\boot\spring-boot-test-autoconfigure\2.5.2\spring-boot-test-autoconfigure-2.5.2.jar;C:\Users\David\.m2\repository\com\jayway\jsonpath\json-path\2.5.0\json-path-2.5.0.jar;C:\Users\David\.m2\repository\net\minidev\json-smart\2.4.7\json-smart-2.4.7.jar;C:\Users\David\.m2\repository\net\minidev\accessors-smart\2.4.7\accessors-smart-2.4.7.jar;C:\Users\David\.m2\repository\jakarta\xml\bind\jakarta.xml.bind-api\2.3.3\jakarta.xml.bind-api-2.3.3.jar;C:\Users\David\.m2\repository\jakarta\activation\jakarta.activation-api\1.2.2\jakarta.activation-api-1.2.2.jar;C:\Users\David\.m2\repository\org\assertj\assertj-core\3.19.0\assertj-core-3.19.0.jar;C:\Users\David\.m2\repository\org\hamcrest\hamcrest\2.2\hamcrest-2.2.jar;C:\Users\David\.m2\repository\org\junit\jupiter\junit-jupiter\5.7.2\junit-jupiter-5.7.2.jar;C:\Users\David\.m2\repository\org\junit\jupiter\junit-jupiter-api\5.7.2\junit-jupiter-api-5.7.2.jar;C:\Users\David\.m2\repository\org\apiguardian\apiguardian-api\1.1.0\apiguardian-api-1.1.0.jar;C:\Users\David\.m2\repository\org\opentest4j\opentest4j\1.2.0\opentest4j-1.2.0.jar;C:\Users\David\.m2\repository\org\junit\platform\junit-platform-commons\1.7.2\junit-platform-commons-1.7.2.jar;C:\Users\David\.m2\repository\org\junit\jupiter\junit-jupiter-params\5.7.2\junit-jupiter-params-5.7.2.jar;C:\Users\David\.m2\repository\org\junit\jupiter\junit-jupiter-engine\5.7.2\junit-jupiter-engine-5.7.2.jar;C:\Users\David\.m2\repository\org\junit\platform\junit-platform-engine\1.7.2\junit-platform-engine-1.7.2.jar;C:\Users\David\.m2\repository\org\mockito\mockito-core\3.9.0\mockito-core-3.9.0.jar;C:\Users\David\.m2\repository\net\bytebuddy\byte-buddy-agent\1.10.22\byte-buddy-agent-1.10.22.jar;C:\Users\David\.m2\repository\org\objenesis\objenesis\3.2\objenesis-3.2.jar;C:\Users\David\.m2\repository\org\mockito\mockito-junit-jupiter\3.9.0\mockito-junit-jupiter-3.9.0.jar;C:\Users\David\.m2\repository\org\skyscreamer\jsonassert\1.5.0\jsonassert-1.5.0.jar;C:\Users\David\.m2\repository\com\vaadin\external\google\android-json\0.0.20131108.vaadin1\android-json-0.0.20131108.vaadin1.jar;C:\Users\David\.m2\repository\org\springframework\spring-core\5.3.8\spring-core-5.3.8.jar;C:\Users\David\.m2\repository\org\springframework\spring-jcl\5.3.8\spring-jcl-5.3.8.jar;C:\Users\David\.m2\repository\org\springframework\spring-test\5.3.8\spring-test-5.3.8.jar;C:\Users\David\.m2\repository\org\xmlunit\xmlunit-core\2.8.2\xmlunit-core-2.8.2.jar;C:\Users\David\.m2\repository\org\jacoco\jacoco-maven-plugin\0.8.7\jacoco-maven-plugin-0.8.7.jar;C:\Users\David\.m2\repository\org\apache\maven\shared\file-management\1.2.1\file-management-1.2.1.jar;C:\Users\David\.m2\repository\org\apache\maven\shared\maven-shared-io\1.1\maven-shared-io-1.1.jar;C:\Users\David\.m2\repository\org\apache\maven\maven-artifact-manager\2.0.2\maven-artifact-manager-2.0.2.jar;C:\Users\David\.m2\repository\org\jacoco\org.jacoco.agent\0.8.7\org.jacoco.agent-0.8.7-runtime.jar;C:\Users\David\.m2\repository\org\jacoco\org.jacoco.core\0.8.7\org.jacoco.core-0.8.7.jar;C:\Users\David\.m2\repository\org\ow2\asm\asm\9.1\asm-9.1.jar;C:\Users\David\.m2\repository\org\ow2\asm\asm-commons\9.1\asm-commons-9.1.jar;C:\Users\David\.m2\repository\org\ow2\asm\asm-analysis\9.1\asm-analysis-9.1.jar;C:\Users\David\.m2\repository\org\ow2\asm\asm-tree\9.1\asm-tree-9.1.jar;C:\Users\David\.m2\repository\org\jacoco\org.jacoco.report\0.8.7\org.jacoco.report-0.8.7.jar;"/>
    <property name="java.vm.vendor" value="AdoptOpenJDK"/>
    <property name="sun.arch.data.model" value="64"/>
    <property name="user.variant" value=""/>
    <property name="java.vendor.url" value="https://adoptopenjdk.net/"/>
    <property name="user.timezone" value="Europe/Paris"/>
    <property name="user.country.format" value="FR"/>
    <property name="java.vm.specification.version" value="11"/>
    <property name="os.name" value="Windows 10"/>
    <property name="sun.java.launcher" value="SUN_STANDARD"/>
    <property name="user.country" value="US"/>
    <property name="sun.boot.library.path" value="C:\Users\David\.jdks\adopt-openjdk-11.0.11\bin"/>
    <property name="sun.java.command" value="C:\Users\David\AppData\Local\Temp\surefire17671199325201421855\surefirebooter14024109835358510755.jar C:\Users\David\AppData\Local\Temp\surefire17671199325201421855 2021-07-14T17-20-23_990-jvmRun1 surefire11143600738836398453tmp surefire_04828806341315907841tmp"/>
    <property name="jdk.debug" value="release"/>
    <property name="surefire.test.class.path" value="D:\GitHub\openclassrooms-p5-emergency-system\target\test-classes;D:\GitHub\openclassrooms-p5-emergency-system\target\classes;C:\Users\David\.m2\repository\org\springframework\boot\spring-boot-starter-log4j2\2.5.2\spring-boot-starter-log4j2-2.5.2.jar;C:\Users\David\.m2\repository\org\apache\logging\log4j\log4j-slf4j-impl\2.14.1\log4j-slf4j-impl-2.14.1.jar;C:\Users\David\.m2\repository\org\slf4j\slf4j-api\1.7.31\slf4j-api-1.7.31.jar;C:\Users\David\.m2\repository\org\apache\logging\log4j\log4j-api\2.14.1\log4j-api-2.14.1.jar;C:\Users\David\.m2\repository\org\apache\logging\log4j\log4j-core\2.14.1\log4j-core-2.14.1.jar;C:\Users\David\.m2\repository\org\apache\logging\log4j\log4j-jul\2.14.1\log4j-jul-2.14.1.jar;C:\Users\David\.m2\repository\org\slf4j\jul-to-slf4j\1.7.31\jul-to-slf4j-1.7.31.jar;C:\Users\David\.m2\repository\org\apache\maven\plugins\maven-site-plugin\3.9.1\maven-site-plugin-3.9.1.jar;C:\Users\David\.m2\repository\org\apache\maven\reporting\maven-reporting-api\3.0\maven-reporting-api-3.0.jar;C:\Users\David\.m2\repository\org\apache\maven\reporting\maven-reporting-exec\1.5.1\maven-reporting-exec-1.5.1.jar;C:\Users\David\.m2\repository\org\sonatype\aether\aether-util\1.7\aether-util-1.7.jar;C:\Users\David\.m2\repository\org\eclipse\aether\aether-util\0.9.0.M2\aether-util-0.9.0.M2.jar;C:\Users\David\.m2\repository\org\apache\maven\shared\maven-shared-utils\3.1.0\maven-shared-utils-3.1.0.jar;C:\Users\David\.m2\repository\org\apache\maven\maven-artifact\3.0.5\maven-artifact-3.0.5.jar;C:\Users\David\.m2\repository\org\apache\maven\maven-core\3.0.5\maven-core-3.0.5.jar;C:\Users\David\.m2\repository\org\apache\maven\maven-model-builder\3.0.5\maven-model-builder-3.0.5.jar;C:\Users\David\.m2\repository\org\apache\maven\maven-aether-provider\3.0.5\maven-aether-provider-3.0.5.jar;C:\Users\David\.m2\repository\org\sonatype\aether\aether-spi\1.13.1\aether-spi-1.13.1.jar;C:\Users\David\.m2\repository\org\sonatype\aether\aether-impl\1.13.1\aether-impl-1.13.1.jar;C:\Users\David\.m2\repository\org\sonatype\aether\aether-api\1.13.1\aether-api-1.13.1.jar;C:\Users\David\.m2\repository\org\codehaus\plexus\plexus-classworlds\2.4\plexus-classworlds-2.4.jar;C:\Users\David\.m2\repository\org\codehaus\plexus\plexus-component-annotations\1.5.5\plexus-component-annotations-1.5.5.jar;C:\Users\David\.m2\repository\org\sonatype\plexus\plexus-sec-dispatcher\1.3\plexus-sec-dispatcher-1.3.jar;C:\Users\David\.m2\repository\org\sonatype\plexus\plexus-cipher\1.4\plexus-cipher-1.4.jar;C:\Users\David\.m2\repository\org\apache\maven\maven-model\3.0.5\maven-model-3.0.5.jar;C:\Users\David\.m2\repository\org\apache\maven\maven-plugin-api\3.0.5\maven-plugin-api-3.0.5.jar;C:\Users\David\.m2\repository\org\apache\maven\maven-settings\3.0.5\maven-settings-3.0.5.jar;C:\Users\David\.m2\repository\org\apache\maven\maven-settings-builder\3.0.5\maven-settings-builder-3.0.5.jar;C:\Users\David\.m2\repository\org\apache\maven\maven-archiver\3.5.0\maven-archiver-3.5.0.jar;C:\Users\David\.m2\repository\org\sonatype\sisu\sisu-inject-plexus\1.4.2\sisu-inject-plexus-1.4.2.jar;C:\Users\David\.m2\repository\org\sonatype\sisu\sisu-inject-bean\1.4.2\sisu-inject-bean-1.4.2.jar;C:\Users\David\.m2\repository\org\sonatype\sisu\sisu-guice\2.1.7\sisu-guice-2.1.7-noaop.jar;C:\Users\David\.m2\repository\org\codehaus\plexus\plexus-archiver\4.2.1\plexus-archiver-4.2.1.jar;C:\Users\David\.m2\repository\org\codehaus\plexus\plexus-io\3.2.0\plexus-io-3.2.0.jar;C:\Users\David\.m2\repository\org\apache\commons\commons-compress\1.19\commons-compress-1.19.jar;C:\Users\David\.m2\repository\org\iq80\snappy\snappy\0.4\snappy-0.4.jar;C:\Users\David\.m2\repository\org\tukaani\xz\1.8\xz-1.8.jar;C:\Users\David\.m2\repository\org\codehaus\plexus\plexus-i18n\1.0-beta-10\plexus-i18n-1.0-beta-10.jar;C:\Users\David\.m2\repository\org\codehaus\plexus\plexus-utils\3.3.0\plexus-utils-3.3.0.jar;C:\Users\David\.m2\repository\org\apache\maven\doxia\doxia-sink-api\1.9.1\doxia-sink-api-1.9.1.jar;C:\Users\David\.m2\repository\org\apache\maven\doxia\doxia-logging-api\1.9.1\doxia-logging-api-1.9.1.jar;C:\Users\David\.m2\repository\org\apache\maven\doxia\doxia-core\1.9.1\doxia-core-1.9.1.jar;C:\Users\David\.m2\repository\org\codehaus\plexus\plexus-container-default\1.7.1\plexus-container-default-1.7.1.jar;C:\Users\David\.m2\repository\org\apache\xbean\xbean-reflect\3.7\xbean-reflect-3.7.jar;C:\Users\David\.m2\repository\com\google\collections\google-collections\1.0\google-collections-1.0.jar;C:\Users\David\.m2\repository\org\apache\httpcomponents\httpclient\4.5.13\httpclient-4.5.13.jar;C:\Users\David\.m2\repository\org\apache\httpcomponents\httpcore\4.4.14\httpcore-4.4.14.jar;C:\Users\David\.m2\repository\org\apache\maven\doxia\doxia-module-xhtml\1.9.1\doxia-module-xhtml-1.9.1.jar;C:\Users\David\.m2\repository\org\apache\maven\doxia\doxia-module-xhtml5\1.9.1\doxia-module-xhtml5-1.9.1.jar;C:\Users\David\.m2\repository\org\apache\maven\doxia\doxia-module-apt\1.9.1\doxia-module-apt-1.9.1.jar;C:\Users\David\.m2\repository\org\apache\maven\doxia\doxia-module-xdoc\1.9.1\doxia-module-xdoc-1.9.1.jar;C:\Users\David\.m2\repository\org\apache\maven\doxia\doxia-module-fml\1.9.1\doxia-module-fml-1.9.1.jar;C:\Users\David\.m2\repository\org\apache\maven\doxia\doxia-module-markdown\1.9.1\doxia-module-markdown-1.9.1.jar;C:\Users\David\.m2\repository\com\vladsch\flexmark\flexmark-all\0.42.14\flexmark-all-0.42.14.jar;C:\Users\David\.m2\repository\com\vladsch\flexmark\flexmark\0.42.14\flexmark-0.42.14.jar;C:\Users\David\.m2\repository\com\vladsch\flexmark\flexmark-ext-abbreviation\0.42.14\flexmark-ext-abbreviation-0.42.14.jar;C:\Users\David\.m2\repository\com\vladsch\flexmark\flexmark-ext-admonition\0.42.14\flexmark-ext-admonition-0.42.14.jar;C:\Users\David\.m2\repository\com\vladsch\flexmark\flexmark-ext-anchorlink\0.42.14\flexmark-ext-anchorlink-0.42.14.jar;C:\Users\David\.m2\repository\com\vladsch\flexmark\flexmark-ext-aside\0.42.14\flexmark-ext-aside-0.42.14.jar;C:\Users\David\.m2\repository\com\vladsch\flexmark\flexmark-ext-attributes\0.42.14\flexmark-ext-attributes-0.42.14.jar;C:\Users\David\.m2\repository\com\vladsch\flexmark\flexmark-ext-autolink\0.42.14\flexmark-ext-autolink-0.42.14.jar;C:\Users\David\.m2\repository\org\nibor\autolink\autolink\0.6.0\autolink-0.6.0.jar;C:\Users\David\.m2\repository\com\vladsch\flexmark\flexmark-ext-definition\0.42.14\flexmark-ext-definition-0.42.14.jar;C:\Users\David\.m2\repository\com\vladsch\flexmark\flexmark-ext-emoji\0.42.14\flexmark-ext-emoji-0.42.14.jar;C:\Users\David\.m2\repository\com\vladsch\flexmark\flexmark-ext-enumerated-reference\0.42.14\flexmark-ext-enumerated-reference-0.42.14.jar;C:\Users\David\.m2\repository\com\vladsch\flexmark\flexmark-ext-escaped-character\0.42.14\flexmark-ext-escaped-character-0.42.14.jar;C:\Users\David\.m2\repository\com\vladsch\flexmark\flexmark-ext-footnotes\0.42.14\flexmark-ext-footnotes-0.42.14.jar;C:\Users\David\.m2\repository\com\vladsch\flexmark\flexmark-ext-gfm-issues\0.42.14\flexmark-ext-gfm-issues-0.42.14.jar;C:\Users\David\.m2\repository\com\vladsch\flexmark\flexmark-ext-gfm-strikethrough\0.42.14\flexmark-ext-gfm-strikethrough-0.42.14.jar;C:\Users\David\.m2\repository\com\vladsch\flexmark\flexmark-ext-gfm-tables\0.42.14\flexmark-ext-gfm-tables-0.42.14.jar;C:\Users\David\.m2\repository\com\vladsch\flexmark\flexmark-ext-gfm-tasklist\0.42.14\flexmark-ext-gfm-tasklist-0.42.14.jar;C:\Users\David\.m2\repository\com\vladsch\flexmark\flexmark-ext-gfm-users\0.42.14\flexmark-ext-gfm-users-0.42.14.jar;C:\Users\David\.m2\repository\com\vladsch\flexmark\flexmark-ext-gitlab\0.42.14\flexmark-ext-gitlab-0.42.14.jar;C:\Users\David\.m2\repository\com\vladsch\flexmark\flexmark-ext-jekyll-front-matter\0.42.14\flexmark-ext-jekyll-front-matter-0.42.14.jar;C:\Users\David\.m2\repository\com\vladsch\flexmark\flexmark-ext-jekyll-tag\0.42.14\flexmark-ext-jekyll-tag-0.42.14.jar;C:\Users\David\.m2\repository\com\vladsch\flexmark\flexmark-ext-media-tags\0.42.14\flexmark-ext-media-tags-0.42.14.jar;C:\Users\David\.m2\repository\com\vladsch\flexmark\flexmark-ext-macros\0.42.14\flexmark-ext-macros-0.42.14.jar;C:\Users\David\.m2\repository\com\vladsch\flexmark\flexmark-ext-ins\0.42.14\flexmark-ext-ins-0.42.14.jar;C:\Users\David\.m2\repository\com\vladsch\flexmark\flexmark-ext-xwiki-macros\0.42.14\flexmark-ext-xwiki-macros-0.42.14.jar;C:\Users\David\.m2\repository\com\vladsch\flexmark\flexmark-ext-superscript\0.42.14\flexmark-ext-superscript-0.42.14.jar;C:\Users\David\.m2\repository\com\vladsch\flexmark\flexmark-ext-tables\0.42.14\flexmark-ext-tables-0.42.14.jar;C:\Users\David\.m2\repository\com\vladsch\flexmark\flexmark-ext-toc\0.42.14\flexmark-ext-toc-0.42.14.jar;C:\Users\David\.m2\repository\com\vladsch\flexmark\flexmark-ext-typographic\0.42.14\flexmark-ext-typographic-0.42.14.jar;C:\Users\David\.m2\repository\com\vladsch\flexmark\flexmark-ext-wikilink\0.42.14\flexmark-ext-wikilink-0.42.14.jar;C:\Users\David\.m2\repository\com\vladsch\flexmark\flexmark-ext-yaml-front-matter\0.42.14\flexmark-ext-yaml-front-matter-0.42.14.jar;C:\Users\David\.m2\repository\com\vladsch\flexmark\flexmark-ext-youtube-embedded\0.42.14\flexmark-ext-youtube-embedded-0.42.14.jar;C:\Users\David\.m2\repository\com\vladsch\flexmark\flexmark-formatter\0.42.14\flexmark-formatter-0.42.14.jar;C:\Users\David\.m2\repository\com\vladsch\flexmark\flexmark-html-parser\0.42.14\flexmark-html-parser-0.42.14.jar;C:\Users\David\.m2\repository\org\jsoup\jsoup\1.10.2\jsoup-1.10.2.jar;C:\Users\David\.m2\repository\com\vladsch\flexmark\flexmark-jira-converter\0.42.14\flexmark-jira-converter-0.42.14.jar;C:\Users\David\.m2\repository\com\vladsch\flexmark\flexmark-profile-pegdown\0.42.14\flexmark-profile-pegdown-0.42.14.jar;C:\Users\David\.m2\repository\com\vladsch\flexmark\flexmark-util\0.42.14\flexmark-util-0.42.14.jar;C:\Users\David\.m2\repository\com\vladsch\flexmark\flexmark-youtrack-converter\0.42.14\flexmark-youtrack-converter-0.42.14.jar;C:\Users\David\.m2\repository\org\apache\maven\doxia\doxia-module-confluence\1.9.1\doxia-module-confluence-1.9.1.jar;C:\Users\David\.m2\repository\org\apache\maven\doxia\doxia-module-docbook-simple\1.9.1\doxia-module-docbook-simple-1.9.1.jar;C:\Users\David\.m2\repository\org\apache\maven\doxia\doxia-module-twiki\1.9.1\doxia-module-twiki-1.9.1.jar;C:\Users\David\.m2\repository\org\apache\maven\doxia\doxia-decoration-model\1.9.2\doxia-decoration-model-1.9.2.jar;C:\Users\David\.m2\repository\org\apache\maven\doxia\doxia-site-renderer\1.9.2\doxia-site-renderer-1.9.2.jar;C:\Users\David\.m2\repository\org\apache\maven\doxia\doxia-skin-model\1.9.2\doxia-skin-model-1.9.2.jar;C:\Users\David\.m2\repository\org\codehaus\plexus\plexus-velocity\1.2\plexus-velocity-1.2.jar;C:\Users\David\.m2\repository\org\apache\velocity\velocity\1.7\velocity-1.7.jar;C:\Users\David\.m2\repository\org\apache\velocity\velocity-tools\2.0\velocity-tools-2.0.jar;C:\Users\David\.m2\repository\commons-chain\commons-chain\1.1\commons-chain-1.1.jar;C:\Users\David\.m2\repository\dom4j\dom4j\1.1\dom4j-1.1.jar;C:\Users\David\.m2\repository\oro\oro\2.0.8\oro-2.0.8.jar;C:\Users\David\.m2\repository\commons-collections\commons-collections\3.2.2\commons-collections-3.2.2.jar;C:\Users\David\.m2\repository\org\apache\maven\doxia\doxia-integration-tools\1.9.2\doxia-integration-tools-1.9.2.jar;C:\Users\David\.m2\repository\org\apache\maven\wagon\wagon-provider-api\3.3.1\wagon-provider-api-3.3.1.jar;C:\Users\David\.m2\repository\org\eclipse\jetty\jetty-server\9.4.42.v20210604\jetty-server-9.4.42.v20210604.jar;C:\Users\David\.m2\repository\javax\servlet\javax.servlet-api\4.0.1\javax.servlet-api-4.0.1.jar;C:\Users\David\.m2\repository\org\eclipse\jetty\jetty-http\9.4.42.v20210604\jetty-http-9.4.42.v20210604.jar;C:\Users\David\.m2\repository\org\eclipse\jetty\jetty-io\9.4.42.v20210604\jetty-io-9.4.42.v20210604.jar;C:\Users\David\.m2\repository\org\eclipse\jetty\jetty-servlet\9.4.42.v20210604\jetty-servlet-9.4.42.v20210604.jar;C:\Users\David\.m2\repository\org\eclipse\jetty\jetty-security\9.4.42.v20210604\jetty-security-9.4.42.v20210604.jar;C:\Users\David\.m2\repository\org\eclipse\jetty\jetty-util-ajax\9.4.42.v20210604\jetty-util-ajax-9.4.42.v20210604.jar;C:\Users\David\.m2\repository\org\eclipse\jetty\jetty-webapp\9.4.42.v20210604\jetty-webapp-9.4.42.v20210604.jar;C:\Users\David\.m2\repository\org\eclipse\jetty\jetty-xml\9.4.42.v20210604\jetty-xml-9.4.42.v20210604.jar;C:\Users\David\.m2\repository\org\eclipse\jetty\jetty-util\9.4.42.v20210604\jetty-util-9.4.42.v20210604.jar;C:\Users\David\.m2\repository\org\apache\commons\commons-lang3\3.12.0\commons-lang3-3.12.0.jar;C:\Users\David\.m2\repository\commons-io\commons-io\2.6\commons-io-2.6.jar;C:\Users\David\.m2\repository\org\apache\maven\plugins\maven-project-info-reports-plugin\3.1.2\maven-project-info-reports-plugin-3.1.2.jar;C:\Users\David\.m2\repository\org\apache\maven\reporting\maven-reporting-impl\3.0.0\maven-reporting-impl-3.0.0.jar;C:\Users\David\.m2\repository\org\apache\maven\maven-repository-metadata\3.0\maven-repository-metadata-3.0.jar;C:\Users\David\.m2\repository\org\apache\maven\shared\maven-dependency-tree\2.2\maven-dependency-tree-2.2.jar;C:\Users\David\.m2\repository\org\apache\maven\shared\maven-shared-jar\1.2\maven-shared-jar-1.2.jar;C:\Users\David\.m2\repository\org\codehaus\plexus\plexus-digest\1.0\plexus-digest-1.0.jar;C:\Users\David\.m2\repository\org\apache\bcel\bcel\6.2\bcel-6.2.jar;C:\Users\David\.m2\repository\org\apache\maven\shared\maven-common-artifact-filters\3.1.0\maven-common-artifact-filters-3.1.0.jar;C:\Users\David\.m2\repository\org\apache\maven\shared\maven-artifact-transfer\0.12.0\maven-artifact-transfer-0.12.0.jar;C:\Users\David\.m2\repository\commons-codec\commons-codec\1.15\commons-codec-1.15.jar;C:\Users\David\.m2\repository\org\apache\maven\scm\maven-scm-api\1.10.0\maven-scm-api-1.10.0.jar;C:\Users\David\.m2\repository\org\apache\maven\scm\maven-scm-manager-plexus\1.10.0\maven-scm-manager-plexus-1.10.0.jar;C:\Users\David\.m2\repository\org\apache\maven\scm\maven-scm-provider-hg\1.10.0\maven-scm-provider-hg-1.10.0.jar;C:\Users\David\.m2\repository\org\apache\maven\scm\maven-scm-provider-perforce\1.10.0\maven-scm-provider-perforce-1.10.0.jar;C:\Users\David\.m2\repository\org\apache\maven\scm\maven-scm-provider-starteam\1.10.0\maven-scm-provider-starteam-1.10.0.jar;C:\Users\David\.m2\repository\org\apache\maven\scm\maven-scm-provider-svn-commons\1.10.0\maven-scm-provider-svn-commons-1.10.0.jar;C:\Users\David\.m2\repository\org\apache\maven\scm\maven-scm-provider-svnexe\1.10.0\maven-scm-provider-svnexe-1.10.0.jar;C:\Users\David\.m2\repository\commons-lang\commons-lang\2.6\commons-lang-2.6.jar;C:\Users\David\.m2\repository\org\apache\maven\scm\maven-scm-provider-cvs-commons\1.10.0\maven-scm-provider-cvs-commons-1.10.0.jar;C:\Users\David\.m2\repository\org\apache\maven\scm\maven-scm-provider-cvsexe\1.10.0\maven-scm-provider-cvsexe-1.10.0.jar;C:\Users\David\.m2\repository\org\apache\maven\scm\maven-scm-provider-cvsjava\1.10.0\maven-scm-provider-cvsjava-1.10.0.jar;C:\Users\David\.m2\repository\org\netbeans\lib\cvsclient\20060125\cvsclient-20060125.jar;C:\Users\David\.m2\repository\ch\ethz\ganymed\ganymed-ssh2\build210\ganymed-ssh2-build210.jar;C:\Users\David\.m2\repository\org\apache\maven\scm\maven-scm-provider-git-commons\1.10.0\maven-scm-provider-git-commons-1.10.0.jar;C:\Users\David\.m2\repository\org\apache\maven\scm\maven-scm-provider-gitexe\1.10.0\maven-scm-provider-gitexe-1.10.0.jar;C:\Users\David\.m2\repository\org\codehaus\plexus\plexus-interpolation\1.26\plexus-interpolation-1.26.jar;C:\Users\David\.m2\repository\commons-validator\commons-validator\1.7\commons-validator-1.7.jar;C:\Users\David\.m2\repository\commons-beanutils\commons-beanutils\1.9.4\commons-beanutils-1.9.4.jar;C:\Users\David\.m2\repository\commons-digester\commons-digester\2.1\commons-digester-2.1.jar;C:\Users\David\.m2\repository\commons-logging\commons-logging\1.2\commons-logging-1.2.jar;C:\Users\David\.m2\repository\org\elasticsearch\client\transport\7.13.3\transport-7.13.3.jar;C:\Users\David\.m2\repository\org\elasticsearch\elasticsearch\7.12.1\elasticsearch-7.12.1.jar;C:\Users\David\.m2\repository\org\elasticsearch\elasticsearch-core\7.12.1\elasticsearch-core-7.12.1.jar;C:\Users\David\.m2\repository\org\elasticsearch\elasticsearch-secure-sm\7.12.1\elasticsearch-secure-sm-7.12.1.jar;C:\Users\David\.m2\repository\org\elasticsearch\elasticsearch-x-content\7.12.1\elasticsearch-x-content-7.12.1.jar;C:\Users\David\.m2\repository\com\fasterxml\jackson\core\jackson-core\2.12.3\jackson-core-2.12.3.jar;C:\Users\David\.m2\repository\com\fasterxml\jackson\dataformat\jackson-dataformat-smile\2.12.3\jackson-dataformat-smile-2.12.3.jar;C:\Users\David\.m2\repository\com\fasterxml\jackson\dataformat\jackson-dataformat-yaml\2.12.3\jackson-dataformat-yaml-2.12.3.jar;C:\Users\David\.m2\repository\com\fasterxml\jackson\dataformat\jackson-dataformat-cbor\2.12.3\jackson-dataformat-cbor-2.12.3.jar;C:\Users\David\.m2\repository\org\elasticsearch\elasticsearch-geo\7.12.1\elasticsearch-geo-7.12.1.jar;C:\Users\David\.m2\repository\org\apache\lucene\lucene-core\8.8.0\lucene-core-8.8.0.jar;C:\Users\David\.m2\repository\org\apache\lucene\lucene-analyzers-common\8.8.0\lucene-analyzers-common-8.8.0.jar;C:\Users\David\.m2\repository\org\apache\lucene\lucene-backward-codecs\8.8.0\lucene-backward-codecs-8.8.0.jar;C:\Users\David\.m2\repository\org\apache\lucene\lucene-grouping\8.8.0\lucene-grouping-8.8.0.jar;C:\Users\David\.m2\repository\org\apache\lucene\lucene-highlighter\8.8.0\lucene-highlighter-8.8.0.jar;C:\Users\David\.m2\repository\org\apache\lucene\lucene-join\8.8.0\lucene-join-8.8.0.jar;C:\Users\David\.m2\repository\org\apache\lucene\lucene-memory\8.8.0\lucene-memory-8.8.0.jar;C:\Users\David\.m2\repository\org\apache\lucene\lucene-misc\8.8.0\lucene-misc-8.8.0.jar;C:\Users\David\.m2\repository\org\apache\lucene\lucene-queries\8.8.0\lucene-queries-8.8.0.jar;C:\Users\David\.m2\repository\org\apache\lucene\lucene-queryparser\8.8.0\lucene-queryparser-8.8.0.jar;C:\Users\David\.m2\repository\org\apache\lucene\lucene-sandbox\8.8.0\lucene-sandbox-8.8.0.jar;C:\Users\David\.m2\repository\org\apache\lucene\lucene-spatial-extras\8.8.0\lucene-spatial-extras-8.8.0.jar;C:\Users\David\.m2\repository\org\apache\lucene\lucene-spatial3d\8.8.0\lucene-spatial3d-8.8.0.jar;C:\Users\David\.m2\repository\org\apache\lucene\lucene-suggest\8.8.0\lucene-suggest-8.8.0.jar;C:\Users\David\.m2\repository\org\elasticsearch\elasticsearch-cli\7.12.1\elasticsearch-cli-7.12.1.jar;C:\Users\David\.m2\repository\net\sf\jopt-simple\jopt-simple\5.0.2\jopt-simple-5.0.2.jar;C:\Users\David\.m2\repository\com\carrotsearch\hppc\0.8.1\hppc-0.8.1.jar;C:\Users\David\.m2\repository\joda-time\joda-time\2.10.4\joda-time-2.10.4.jar;C:\Users\David\.m2\repository\com\tdunning\t-digest\3.2\t-digest-3.2.jar;C:\Users\David\.m2\repository\org\hdrhistogram\HdrHistogram\2.1.9\HdrHistogram-2.1.9.jar;C:\Users\David\.m2\repository\org\elasticsearch\jna\5.7.0-1\jna-5.7.0-1.jar;C:\Users\David\.m2\repository\org\elasticsearch\elasticsearch-plugin-classloader\7.12.1\elasticsearch-plugin-classloader-7.12.1.jar;C:\Users\David\.m2\repository\org\elasticsearch\plugin\transport-netty4-client\7.12.1\transport-netty4-client-7.12.1.jar;C:\Users\David\.m2\repository\io\netty\netty-buffer\4.1.65.Final\netty-buffer-4.1.65.Final.jar;C:\Users\David\.m2\repository\io\netty\netty-codec\4.1.65.Final\netty-codec-4.1.65.Final.jar;C:\Users\David\.m2\repository\io\netty\netty-codec-http\4.1.65.Final\netty-codec-http-4.1.65.Final.jar;C:\Users\David\.m2\repository\io\netty\netty-common\4.1.65.Final\netty-common-4.1.65.Final.jar;C:\Users\David\.m2\repository\io\netty\netty-handler\4.1.65.Final\netty-handler-4.1.65.Final.jar;C:\Users\David\.m2\repository\io\netty\netty-resolver\4.1.65.Final\netty-resolver-4.1.65.Final.jar;C:\Users\David\.m2\repository\io\netty\netty-transport\4.1.65.Final\netty-transport-4.1.65.Final.jar;C:\Users\David\.m2\repository\org\elasticsearch\plugin\reindex-client\7.13.3\reindex-client-7.13.3.jar;C:\Users\David\.m2\repository\org\elasticsearch\client\elasticsearch-rest-client\7.12.1\elasticsearch-rest-client-7.12.1.jar;C:\Users\David\.m2\repository\org\apache\httpcomponents\httpasyncclient\4.1.4\httpasyncclient-4.1.4.jar;C:\Users\David\.m2\repository\org\apache\httpcomponents\httpcore-nio\4.4.14\httpcore-nio-4.4.14.jar;C:\Users\David\.m2\repository\org\elasticsearch\elasticsearch-ssl-config\7.13.3\elasticsearch-ssl-config-7.13.3.jar;C:\Users\David\.m2\repository\org\elasticsearch\plugin\lang-mustache-client\7.13.3\lang-mustache-client-7.13.3.jar;C:\Users\David\.m2\repository\com\github\spullara\mustache\java\compiler\0.9.6\compiler-0.9.6.jar;C:\Users\David\.m2\repository\org\elasticsearch\plugin\percolator-client\7.13.3\percolator-client-7.13.3.jar;C:\Users\David\.m2\repository\org\elasticsearch\plugin\parent-join-client\7.13.3\parent-join-client-7.13.3.jar;C:\Users\David\.m2\repository\org\elasticsearch\plugin\rank-eval-client\7.13.3\rank-eval-client-7.13.3.jar;C:\Users\David\.m2\repository\org\springframework\boot\spring-boot-starter-data-jpa\2.5.2\spring-boot-starter-data-jpa-2.5.2.jar;C:\Users\David\.m2\repository\org\springframework\boot\spring-boot-starter-aop\2.5.2\spring-boot-starter-aop-2.5.2.jar;C:\Users\David\.m2\repository\org\springframework\spring-aop\5.3.8\spring-aop-5.3.8.jar;C:\Users\David\.m2\repository\org\aspectj\aspectjweaver\1.9.6\aspectjweaver-1.9.6.jar;C:\Users\David\.m2\repository\org\springframework\boot\spring-boot-starter-jdbc\2.5.2\spring-boot-starter-jdbc-2.5.2.jar;C:\Users\David\.m2\repository\com\zaxxer\HikariCP\4.0.3\HikariCP-4.0.3.jar;C:\Users\David\.m2\repository\org\springframework\spring-jdbc\5.3.8\spring-jdbc-5.3.8.jar;C:\Users\David\.m2\repository\jakarta\transaction\jakarta.transaction-api\1.3.3\jakarta.transaction-api-1.3.3.jar;C:\Users\David\.m2\repository\jakarta\persistence\jakarta.persistence-api\2.2.3\jakarta.persistence-api-2.2.3.jar;C:\Users\David\.m2\repository\org\hibernate\hibernate-core\5.4.32.Final\hibernate-core-5.4.32.Final.jar;C:\Users\David\.m2\repository\org\jboss\logging\jboss-logging\3.4.2.Final\jboss-logging-3.4.2.Final.jar;C:\Users\David\.m2\repository\org\javassist\javassist\3.27.0-GA\javassist-3.27.0-GA.jar;C:\Users\David\.m2\repository\net\bytebuddy\byte-buddy\1.10.22\byte-buddy-1.10.22.jar;C:\Users\David\.m2\repository\antlr\antlr\2.7.7\antlr-2.7.7.jar;C:\Users\David\.m2\repository\org\jboss\jandex\2.2.3.Final\jandex-2.2.3.Final.jar;C:\Users\David\.m2\repository\com\fasterxml\classmate\1.5.1\classmate-1.5.1.jar;C:\Users\David\.m2\repository\org\dom4j\dom4j\2.1.3\dom4j-2.1.3.jar;C:\Users\David\.m2\repository\org\hibernate\common\hibernate-commons-annotations\5.1.2.Final\hibernate-commons-annotations-5.1.2.Final.jar;C:\Users\David\.m2\repository\org\glassfish\jaxb\jaxb-runtime\2.3.4\jaxb-runtime-2.3.4.jar;C:\Users\David\.m2\repository\org\glassfish\jaxb\txw2\2.3.4\txw2-2.3.4.jar;C:\Users\David\.m2\repository\com\sun\istack\istack-commons-runtime\3.0.12\istack-commons-runtime-3.0.12.jar;C:\Users\David\.m2\repository\com\sun\activation\jakarta.activation\1.2.2\jakarta.activation-1.2.2.jar;C:\Users\David\.m2\repository\org\springframework\data\spring-data-jpa\2.5.2\spring-data-jpa-2.5.2.jar;C:\Users\David\.m2\repository\org\springframework\data\spring-data-commons\2.5.2\spring-data-commons-2.5.2.jar;C:\Users\David\.m2\repository\org\springframework\spring-orm\5.3.8\spring-orm-5.3.8.jar;C:\Users\David\.m2\repository\org\springframework\spring-context\5.3.8\spring-context-5.3.8.jar;C:\Users\David\.m2\repository\org\springframework\spring-tx\5.3.8\spring-tx-5.3.8.jar;C:\Users\David\.m2\repository\org\springframework\spring-beans\5.3.8\spring-beans-5.3.8.jar;C:\Users\David\.m2\repository\org\springframework\spring-aspects\5.3.8\spring-aspects-5.3.8.jar;C:\Users\David\.m2\repository\org\springframework\boot\spring-boot-starter-web\2.5.2\spring-boot-starter-web-2.5.2.jar;C:\Users\David\.m2\repository\org\springframework\boot\spring-boot-starter\2.5.2\spring-boot-starter-2.5.2.jar;C:\Users\David\.m2\repository\org\springframework\boot\spring-boot\2.5.2\spring-boot-2.5.2.jar;C:\Users\David\.m2\repository\org\springframework\boot\spring-boot-autoconfigure\2.5.2\spring-boot-autoconfigure-2.5.2.jar;C:\Users\David\.m2\repository\jakarta\annotation\jakarta.annotation-api\1.3.5\jakarta.annotation-api-1.3.5.jar;C:\Users\David\.m2\repository\org\yaml\snakeyaml\1.28\snakeyaml-1.28.jar;C:\Users\David\.m2\repository\org\springframework\boot\spring-boot-starter-json\2.5.2\spring-boot-starter-json-2.5.2.jar;C:\Users\David\.m2\repository\com\fasterxml\jackson\core\jackson-databind\2.12.3\jackson-databind-2.12.3.jar;C:\Users\David\.m2\repository\com\fasterxml\jackson\core\jackson-annotations\2.12.3\jackson-annotations-2.12.3.jar;C:\Users\David\.m2\repository\com\fasterxml\jackson\datatype\jackson-datatype-jdk8\2.12.3\jackson-datatype-jdk8-2.12.3.jar;C:\Users\David\.m2\repository\com\fasterxml\jackson\datatype\jackson-datatype-jsr310\2.12.3\jackson-datatype-jsr310-2.12.3.jar;C:\Users\David\.m2\repository\com\fasterxml\jackson\module\jackson-module-parameter-names\2.12.3\jackson-module-parameter-names-2.12.3.jar;C:\Users\David\.m2\repository\org\springframework\boot\spring-boot-starter-tomcat\2.5.2\spring-boot-starter-tomcat-2.5.2.jar;C:\Users\David\.m2\repository\org\apache\tomcat\embed\tomcat-embed-core\9.0.48\tomcat-embed-core-9.0.48.jar;C:\Users\David\.m2\repository\org\apache\tomcat\embed\tomcat-embed-el\9.0.48\tomcat-embed-el-9.0.48.jar;C:\Users\David\.m2\repository\org\apache\tomcat\embed\tomcat-embed-websocket\9.0.48\tomcat-embed-websocket-9.0.48.jar;C:\Users\David\.m2\repository\org\springframework\spring-web\5.3.8\spring-web-5.3.8.jar;C:\Users\David\.m2\repository\org\springframework\spring-webmvc\5.3.8\spring-webmvc-5.3.8.jar;C:\Users\David\.m2\repository\org\springframework\spring-expression\5.3.8\spring-expression-5.3.8.jar;C:\Users\David\.m2\repository\com\h2database\h2\1.4.200\h2-1.4.200.jar;C:\Users\David\.m2\repository\org\springframework\boot\spring-boot-starter-test\2.5.2\spring-boot-starter-test-2.5.2.jar;C:\Users\David\.m2\repository\org\springframework\boot\spring-boot-test\2.5.2\spring-boot-test-2.5.2.jar;C:\Users\David\.m2\repository\org\springframework\boot\spring-boot-test-autoconfigure\2.5.2\spring-boot-test-autoconfigure-2.5.2.jar;C:\Users\David\.m2\repository\com\jayway\jsonpath\json-path\2.5.0\json-path-2.5.0.jar;C:\Users\David\.m2\repository\net\minidev\json-smart\2.4.7\json-smart-2.4.7.jar;C:\Users\David\.m2\repository\net\minidev\accessors-smart\2.4.7\accessors-smart-2.4.7.jar;C:\Users\David\.m2\repository\jakarta\xml\bind\jakarta.xml.bind-api\2.3.3\jakarta.xml.bind-api-2.3.3.jar;C:\Users\David\.m2\repository\jakarta\activation\jakarta.activation-api\1.2.2\jakarta.activation-api-1.2.2.jar;C:\Users\David\.m2\repository\org\assertj\assertj-core\3.19.0\assertj-core-3.19.0.jar;C:\Users\David\.m2\repository\org\hamcrest\hamcrest\2.2\hamcrest-2.2.jar;C:\Users\David\.m2\repository\org\junit\jupiter\junit-jupiter\5.7.2\junit-jupiter-5.7.2.jar;C:\Users\David\.m2\repository\org\junit\jupiter\junit-jupiter-api\5.7.2\junit-jupiter-api-5.7.2.jar;C:\Users\David\.m2\repository\org\apiguardian\apiguardian-api\1.1.0\apiguardian-api-1.1.0.jar;C:\Users\David\.m2\repository\org\opentest4j\opentest4j\1.2.0\opentest4j-1.2.0.jar;C:\Users\David\.m2\repository\org\junit\platform\junit-platform-commons\1.7.2\junit-platform-commons-1.7.2.jar;C:\Users\David\.m2\repository\org\junit\jupiter\junit-jupiter-params\5.7.2\junit-jupiter-params-5.7.2.jar;C:\Users\David\.m2\repository\org\junit\jupiter\junit-jupiter-engine\5.7.2\junit-jupiter-engine-5.7.2.jar;C:\Users\David\.m2\repository\org\junit\platform\junit-platform-engine\1.7.2\junit-platform-engine-1.7.2.jar;C:\Users\David\.m2\repository\org\mockito\mockito-core\3.9.0\mockito-core-3.9.0.jar;C:\Users\David\.m2\repository\net\bytebuddy\byte-buddy-agent\1.10.22\byte-buddy-agent-1.10.22.jar;C:\Users\David\.m2\repository\org\objenesis\objenesis\3.2\objenesis-3.2.jar;C:\Users\David\.m2\repository\org\mockito\mockito-junit-jupiter\3.9.0\mockito-junit-jupiter-3.9.0.jar;C:\Users\David\.m2\repository\org\skyscreamer\jsonassert\1.5.0\jsonassert-1.5.0.jar;C:\Users\David\.m2\repository\com\vaadin\external\google\android-json\0.0.20131108.vaadin1\android-json-0.0.20131108.vaadin1.jar;C:\Users\David\.m2\repository\org\springframework\spring-core\5.3.8\spring-core-5.3.8.jar;C:\Users\David\.m2\repository\org\springframework\spring-jcl\5.3.8\spring-jcl-5.3.8.jar;C:\Users\David\.m2\repository\org\springframework\spring-test\5.3.8\spring-test-5.3.8.jar;C:\Users\David\.m2\repository\org\xmlunit\xmlunit-core\2.8.2\xmlunit-core-2.8.2.jar;C:\Users\David\.m2\repository\org\jacoco\jacoco-maven-plugin\0.8.7\jacoco-maven-plugin-0.8.7.jar;C:\Users\David\.m2\repository\org\apache\maven\shared\file-management\1.2.1\file-management-1.2.1.jar;C:\Users\David\.m2\repository\org\apache\maven\shared\maven-shared-io\1.1\maven-shared-io-1.1.jar;C:\Users\David\.m2\repository\org\apache\maven\maven-artifact-manager\2.0.2\maven-artifact-manager-2.0.2.jar;C:\Users\David\.m2\repository\org\jacoco\org.jacoco.agent\0.8.7\org.jacoco.agent-0.8.7-runtime.jar;C:\Users\David\.m2\repository\org\jacoco\org.jacoco.core\0.8.7\org.jacoco.core-0.8.7.jar;C:\Users\David\.m2\repository\org\ow2\asm\asm\9.1\asm-9.1.jar;C:\Users\David\.m2\repository\org\ow2\asm\asm-commons\9.1\asm-commons-9.1.jar;C:\Users\David\.m2\repository\org\ow2\asm\asm-analysis\9.1\asm-analysis-9.1.jar;C:\Users\David\.m2\repository\org\ow2\asm\asm-tree\9.1\asm-tree-9.1.jar;C:\Users\David\.m2\repository\org\jacoco\org.jacoco.report\0.8.7\org.jacoco.report-0.8.7.jar;"/>
    <property name="sun.cpu.endian" value="little"/>
    <property name="user.home" value="C:\Users\David"/>
    <property name="user.language" value="en"/>
    <property name="java.specification.vendor" value="Oracle Corporation"/>
    <property name="java.version.date" value="2021-04-20"/>
    <property name="java.home" value="C:\Users\David\.jdks\adopt-openjdk-11.0.11"/>
    <property name="file.separator" value="\"/>
    <property name="basedir" value="D:\GitHub\openclassrooms-p5-emergency-system"/>
    <property name="java.vm.compressedOopsMode" value="32-bit"/>
    <property name="line.separator" value="&#10;"/>
    <property name="java.specification.name" value="Java Platform API Specification"/>
    <property name="java.vm.specification.vendor" value="Oracle Corporation"/>
    <property name="java.awt.graphicsenv" value="sun.awt.Win32GraphicsEnvironment"/>
    <property name="surefire.real.class.path" value="C:\Users\David\AppData\Local\Temp\surefire17671199325201421855\surefirebooter14024109835358510755.jar"/>
    <property name="user.script" value=""/>
    <property name="sun.management.compiler" value="HotSpot 64-Bit Tiered Compilers"/>
    <property name="java.runtime.version" value="11.0.11+9"/>
    <property name="user.name" value="David"/>
    <property name="path.separator" value=";"/>
    <property name="os.version" value="10.0"/>
    <property name="java.runtime.name" value="OpenJDK Runtime Environment"/>
    <property name="file.encoding" value="Cp1252"/>
    <property name="java.vm.name" value="OpenJDK 64-Bit Server VM"/>
    <property name="java.vendor.version" value="AdoptOpenJDK-11.0.11+9"/>
    <property name="localRepository" value="C:\Users\David\.m2\repository"/>
    <property name="java.vendor.url.bug" value="https://github.com/AdoptOpenJDK/openjdk-support/issues"/>
    <property name="java.io.tmpdir" value="C:\Users\David\AppData\Local\Temp\"/>
    <property name="idea.version" value="2021.1.3"/>
    <property name="java.version" value="11.0.11"/>
    <property name="user.dir" value="D:\GitHub\openclassrooms-p5-emergency-system"/>
    <property name="os.arch" value="amd64"/>
    <property name="java.vm.specification.name" value="Java Virtual Machine Specification"/>
    <property name="java.awt.printerjob" value="sun.awt.windows.WPrinterJob"/>
    <property name="user.language.format" value="fr"/>
    <property name="sun.os.patch.level" value=""/>
    <property name="java.library.path" value="C:\Users\David\.jdks\adopt-openjdk-11.0.11\bin;C:\WINDOWS\Sun\Java\bin;C:\WINDOWS\system32;C:\WINDOWS;C:\Program Files (x86)\Common Files\Intel\Shared Libraries\redist\intel64\compiler;C:\WINDOWS\system32;C:\WINDOWS;C:\WINDOWS\System32\Wbem;C:\WINDOWS\System32\WindowsPowerShell\v1.0\;C:\WINDOWS\System32\OpenSSH\;C:\Program Files\dotnet\;C:\Program Files\Microsoft SQL Server\130\Tools\Binn\;C:\Program Files\Microsoft SQL Server\Client SDK\ODBC\170\Tools\Binn\;C:\Program Files\Git\cmd;C:\Users\David\.jdks\adopt-openjdk-11.0.11\bin;;C:\Program Files\NVIDIA Corporation\NVIDIA NvDLISR;C:\Program Files (x86)\NVIDIA Corporation\PhysX\Common;C:\Users\David\AppData\Local\Microsoft\WindowsApps;C:\Users\David\AppData\Local\atom\bin;C:\Users\David\AppData\Local\GitHubDesktop\bin;C:\Users\David\.dotnet\tools;C:\Users\David\AppData\Local\Programs\Microsoft VS Code\bin;."/>
    <property name="java.vm.info" value="mixed mode"/>
    <property name="java.vendor" value="AdoptOpenJDK"/>
    <property name="java.vm.version" value="11.0.11+9"/>
    <property name="sun.io.unicode.encoding" value="UnicodeLittle"/>
    <property name="java.class.version" value="55.0"/>
  </properties>
  <testcase name="shouldGetPersons" classname="com.safetynet.emergencysystem.service.PersonServiceTest" time="0.584"/>
  <testcase name="shouldCreatePerson" classname="com.safetynet.emergencysystem.service.PersonServiceTest" time="0.519"/>
  <testcase name="shouldCreatePersons" classname="com.safetynet.emergencysystem.service.PersonServiceTest" time="0.366"/>
  <testcase name="shouldGetPersonByFirstNameAndLastName" classname="com.safetynet.emergencysystem.service.PersonServiceTest" time="0.952"/>
  <testcase name="shouldUpdatePerson" classname="com.safetynet.emergencysystem.service.PersonServiceTest" time="0.348"/>
</testsuite>